<?xml version="1.0" encoding="UTF-8"?>
<!-- Generated by org.testng.reporters.JUnitReportReporter -->
<testsuite skipped="0" hostname="syeremeev" name="spring.maven.TestSpring" tests="1" failures="0" timestamp="20 мар 2018 16:46:47 GMT" time="2.359" errors="0">
  <testcase name="t_01" time="2.359" classname="spring.maven.TestSpring"/>
</testsuite> <!-- spring.maven.TestSpring -->
